{"numFailedTestSuites":0,"numFailedTests":0,"numPassedTestSuites":5,"numPassedTests":69,"numPendingTestSuites":0,"numPendingTests":0,"numRuntimeErrorTestSuites":0,"numTodoTests":0,"numTotalTestSuites":5,"numTotalTests":69,"openHandles":[],"snapshot":{"added":0,"didUpdate":false,"failure":false,"filesAdded":0,"filesRemoved":0,"filesRemovedList":[],"filesUnmatched":0,"filesUpdated":0,"matched":0,"total":0,"unchecked":0,"uncheckedKeysByFile":[],"unmatched":0,"updated":0},"startTime":1742149545085,"success":true,"testResults":[{"assertionResults":[{"ancestorTitles":["PMRController","getMuscleGroups"],"duration":85,"failureDetails":[],"failureMessages":[],"fullName":"PMRController getMuscleGroups should return all muscle groups in correct order","invocations":1,"location":null,"numPassingAsserts":4,"retryReasons":[],"status":"passed","title":"should return all muscle groups in correct order"},{"ancestorTitles":["PMRController","getMuscleGroups"],"duration":43,"failureDetails":[],"failureMessages":[],"fullName":"PMRController getMuscleGroups should handle errors gracefully","invocations":1,"location":null,"numPassingAsserts":2,"retryReasons":[],"status":"passed","title":"should handle errors gracefully"},{"ancestorTitles":["PMRController","getMuscleGroups"],"duration":55,"failureDetails":[],"failureMessages":[],"fullName":"PMRController getMuscleGroups should return 500 for invalid session id","invocations":1,"location":null,"numPassingAsserts":2,"retryReasons":[],"status":"passed","title":"should return 500 for invalid session id"},{"ancestorTitles":["PMRController","startSession"],"duration":32,"failureDetails":[],"failureMessages":[],"fullName":"PMRController startSession should create new session with valid data","invocations":1,"location":null,"numPassingAsserts":4,"retryReasons":[],"status":"passed","title":"should create new session with valid data"},{"ancestorTitles":["PMRController","startSession"],"duration":18,"failureDetails":[],"failureMessages":[],"fullName":"PMRController startSession should return 401 when user not authenticated","invocations":1,"location":null,"numPassingAsserts":2,"retryReasons":[],"status":"passed","title":"should return 401 when user not authenticated"},{"ancestorTitles":["PMRController","completeSession"],"duration":35,"failureDetails":[],"failureMessages":[],"fullName":"PMRController completeSession should complete session with valid data","invocations":1,"location":null,"numPassingAsserts":3,"retryReasons":[],"status":"passed","title":"should complete session with valid data"},{"ancestorTitles":["PMRController","completeSession"],"duration":24,"failureDetails":[],"failureMessages":[],"fullName":"PMRController completeSession should return 500 for invalid session id","invocations":1,"location":null,"numPassingAsserts":2,"retryReasons":[],"status":"passed","title":"should return 500 for invalid session id"},{"ancestorTitles":["PMRController","updateProgress"],"duration":32,"failureDetails":[],"failureMessages":[],"fullName":"PMRController updateProgress should update progress with valid muscle group","invocations":1,"location":null,"numPassingAsserts":2,"retryReasons":[],"status":"passed","title":"should update progress with valid muscle group"},{"ancestorTitles":["PMRController","updateProgress"],"duration":26,"failureDetails":[],"failureMessages":[],"fullName":"PMRController updateProgress should return 500 for invalid session id","invocations":1,"location":null,"numPassingAsserts":2,"retryReasons":[],"status":"passed","title":"should return 500 for invalid session id"},{"ancestorTitles":["PMRController","getUserSessions"],"duration":41,"failureDetails":[],"failureMessages":[],"fullName":"PMRController getUserSessions should return user sessions with default limit","invocations":1,"location":null,"numPassingAsserts":2,"retryReasons":[],"status":"passed","title":"should return user sessions with default limit"},{"ancestorTitles":["PMRController","getUserSessions"],"duration":38,"failureDetails":[],"failureMessages":[],"fullName":"PMRController getUserSessions should respect limit parameter","invocations":1,"location":null,"numPassingAsserts":2,"retryReasons":[],"status":"passed","title":"should respect limit parameter"},{"ancestorTitles":["PMRController","getUserSessions"],"duration":33,"failureDetails":[],"failureMessages":[],"fullName":"PMRController getUserSessions should return 401 when user not authenticated","invocations":1,"location":null,"numPassingAsserts":2,"retryReasons":[],"status":"passed","title":"should return 401 when user not authenticated"},{"ancestorTitles":["PMRController","getEffectiveness"],"duration":49,"failureDetails":[],"failureMessages":[],"fullName":"PMRController getEffectiveness should return effectiveness metrics","invocations":1,"location":null,"numPassingAsserts":4,"retryReasons":[],"status":"passed","title":"should return effectiveness metrics"},{"ancestorTitles":["PMRController","getEffectiveness"],"duration":38,"failureDetails":[],"failureMessages":[],"fullName":"PMRController getEffectiveness should return 401 when user not authenticated","invocations":1,"location":null,"numPassingAsserts":2,"retryReasons":[],"status":"passed","title":"should return 401 when user not authenticated"}],"endTime":1742149548487,"message":"","name":"E:\\Projects\\mcp-mindfulness\\src\\__tests__\\controllers\\pmr.controller.test.ts","startTime":1742149545163,"status":"passed","summary":""},{"assertionResults":[{"ancestorTitles":["MeditationSessionController Direct Test"],"duration":1,"failureDetails":[],"failureMessages":[],"fullName":"MeditationSessionController Direct Test should get user sessions","invocations":1,"location":null,"numPassingAsserts":4,"retryReasons":[],"status":"passed","title":"should get user sessions"}],"endTime":1742149549560,"message":"","name":"E:\\Projects\\mcp-mindfulness\\src\\__tests__\\controllers\\meditation-direct.test.ts","startTime":1742149548502,"status":"passed","summary":""},{"assertionResults":[{"ancestorTitles":["BreathingController","getPatterns"],"duration":7,"failureDetails":[],"failureMessages":[],"fullName":"BreathingController getPatterns should return breathing pattern when found","invocations":1,"location":null,"numPassingAsserts":1,"retryReasons":[],"status":"passed","title":"should return breathing pattern when found"},{"ancestorTitles":["BreathingController","getPatterns"],"duration":3,"failureDetails":[],"failureMessages":[],"fullName":"BreathingController getPatterns should return null when pattern not found","invocations":1,"location":null,"numPassingAsserts":2,"retryReasons":[],"status":"passed","title":"should return null when pattern not found"},{"ancestorTitles":["BreathingController","startSession"],"duration":5,"failureDetails":[],"failureMessages":[],"fullName":"BreathingController startSession should return 500 for invalid pattern","invocations":1,"location":null,"numPassingAsserts":2,"retryReasons":[],"status":"passed","title":"should return 500 for invalid pattern"},{"ancestorTitles":["BreathingController","startSession"],"duration":3,"failureDetails":[],"failureMessages":[],"fullName":"BreathingController startSession should create new session with valid data","invocations":1,"location":null,"numPassingAsserts":1,"retryReasons":[],"status":"passed","title":"should create new session with valid data"},{"ancestorTitles":["BreathingController","startSession"],"duration":3,"failureDetails":[],"failureMessages":[],"fullName":"BreathingController startSession should return 401 when user not authenticated","invocations":1,"location":null,"numPassingAsserts":2,"retryReasons":[],"status":"passed","title":"should return 401 when user not authenticated"},{"ancestorTitles":["BreathingController","completeSession"],"duration":4,"failureDetails":[],"failureMessages":[],"fullName":"BreathingController completeSession should complete session with valid data","invocations":1,"location":null,"numPassingAsserts":1,"retryReasons":[],"status":"passed","title":"should complete session with valid data"},{"ancestorTitles":["BreathingController","completeSession"],"duration":4,"failureDetails":[],"failureMessages":[],"fullName":"BreathingController completeSession should return 500 for invalid session id","invocations":1,"location":null,"numPassingAsserts":2,"retryReasons":[],"status":"passed","title":"should return 500 for invalid session id"},{"ancestorTitles":["BreathingController","getUserSessions"],"duration":4,"failureDetails":[],"failureMessages":[],"fullName":"BreathingController getUserSessions should return user sessions with default limit","invocations":1,"location":null,"numPassingAsserts":2,"retryReasons":[],"status":"passed","title":"should return user sessions with default limit"},{"ancestorTitles":["BreathingController","getUserSessions"],"duration":3,"failureDetails":[],"failureMessages":[],"fullName":"BreathingController getUserSessions should respect limit parameter","invocations":1,"location":null,"numPassingAsserts":2,"retryReasons":[],"status":"passed","title":"should respect limit parameter"},{"ancestorTitles":["BreathingController","getUserSessions"],"duration":3,"failureDetails":[],"failureMessages":[],"fullName":"BreathingController getUserSessions should return 401 when user not authenticated","invocations":1,"location":null,"numPassingAsserts":2,"retryReasons":[],"status":"passed","title":"should return 401 when user not authenticated"},{"ancestorTitles":["BreathingController","getEffectiveness"],"duration":3,"failureDetails":[],"failureMessages":[],"fullName":"BreathingController getEffectiveness should return effectiveness metrics","invocations":1,"location":null,"numPassingAsserts":1,"retryReasons":[],"status":"passed","title":"should return effectiveness metrics"},{"ancestorTitles":["BreathingController","getEffectiveness"],"duration":3,"failureDetails":[],"failureMessages":[],"fullName":"BreathingController getEffectiveness should return 401 when user not authenticated","invocations":1,"location":null,"numPassingAsserts":2,"retryReasons":[],"status":"passed","title":"should return 401 when user not authenticated"}],"endTime":1742149550713,"message":"","name":"E:\\Projects\\mcp-mindfulness\\src\\__tests__\\controllers\\breathing.controller.test.ts","startTime":1742149549570,"status":"passed","summary":""},{"assertionResults":[{"ancestorTitles":["AchievementController","getAllAchievements"],"duration":1,"failureDetails":[],"failureMessages":[],"fullName":"AchievementController getAllAchievements should return all achievements","invocations":1,"location":null,"numPassingAsserts":3,"retryReasons":[],"status":"passed","title":"should return all achievements"},{"ancestorTitles":["AchievementController","getAllAchievements"],"duration":12,"failureDetails":[],"failureMessages":[],"fullName":"AchievementController getAllAchievements should handle errors","invocations":1,"location":null,"numPassingAsserts":2,"retryReasons":[],"status":"passed","title":"should handle errors"},{"ancestorTitles":["AchievementController","getAchievementById"],"duration":1,"failureDetails":[],"failureMessages":[],"fullName":"AchievementController getAchievementById should return achievement by ID","invocations":1,"location":null,"numPassingAsserts":3,"retryReasons":[],"status":"passed","title":"should return achievement by ID"},{"ancestorTitles":["AchievementController","getAchievementById"],"duration":0,"failureDetails":[],"failureMessages":[],"fullName":"AchievementController getAchievementById should return 404 if achievement not found","invocations":1,"location":null,"numPassingAsserts":2,"retryReasons":[],"status":"passed","title":"should return 404 if achievement not found"},{"ancestorTitles":["AchievementController","getAchievementById"],"duration":1,"failureDetails":[],"failureMessages":[],"fullName":"AchievementController getAchievementById should return 400 for invalid ID format","invocations":1,"location":null,"numPassingAsserts":2,"retryReasons":[],"status":"passed","title":"should return 400 for invalid ID format"},{"ancestorTitles":["AchievementController","getAchievementById"],"duration":1,"failureDetails":[],"failureMessages":[],"fullName":"AchievementController getAchievementById should handle errors","invocations":1,"location":null,"numPassingAsserts":2,"retryReasons":[],"status":"passed","title":"should handle errors"},{"ancestorTitles":["AchievementController","createAchievement"],"duration":0,"failureDetails":[],"failureMessages":[],"fullName":"AchievementController createAchievement should create a new achievement","invocations":1,"location":null,"numPassingAsserts":2,"retryReasons":[],"status":"passed","title":"should create a new achievement"},{"ancestorTitles":["AchievementController","createAchievement"],"duration":1,"failureDetails":[],"failureMessages":[],"fullName":"AchievementController createAchievement should return 400 if required fields are missing","invocations":1,"location":null,"numPassingAsserts":2,"retryReasons":[],"status":"passed","title":"should return 400 if required fields are missing"},{"ancestorTitles":["AchievementController","createAchievement"],"duration":1,"failureDetails":[],"failureMessages":[],"fullName":"AchievementController createAchievement should return 400 for invalid category","invocations":1,"location":null,"numPassingAsserts":2,"retryReasons":[],"status":"passed","title":"should return 400 for invalid category"},{"ancestorTitles":["AchievementController","createAchievement"],"duration":1,"failureDetails":[],"failureMessages":[],"fullName":"AchievementController createAchievement should handle errors","invocations":1,"location":null,"numPassingAsserts":2,"retryReasons":[],"status":"passed","title":"should handle errors"},{"ancestorTitles":["AchievementController","getUserAchievements"],"duration":1,"failureDetails":[],"failureMessages":[],"fullName":"AchievementController getUserAchievements should return user achievements","invocations":1,"location":null,"numPassingAsserts":3,"retryReasons":[],"status":"passed","title":"should return user achievements"},{"ancestorTitles":["AchievementController","getUserAchievements"],"duration":1,"failureDetails":[],"failureMessages":[],"fullName":"AchievementController getUserAchievements should return 401 if user is not authenticated","invocations":1,"location":null,"numPassingAsserts":2,"retryReasons":[],"status":"passed","title":"should return 401 if user is not authenticated"},{"ancestorTitles":["AchievementController","getUserAchievements"],"duration":1,"failureDetails":[],"failureMessages":[],"fullName":"AchievementController getUserAchievements should handle errors","invocations":1,"location":null,"numPassingAsserts":2,"retryReasons":[],"status":"passed","title":"should handle errors"}],"endTime":1742149551778,"message":"","name":"E:\\Projects\\mcp-mindfulness\\src\\__tests__\\controllers\\achievement.controller.test.ts","startTime":1742149550725,"status":"passed","summary":""},{"assertionResults":[{"ancestorTitles":["MeditationSessionController","getUserSessions"],"duration":2,"failureDetails":[],"failureMessages":[],"fullName":"MeditationSessionController getUserSessions should return 401 if user is not authenticated","invocations":1,"location":null,"numPassingAsserts":2,"retryReasons":[],"status":"passed","title":"should return 401 if user is not authenticated"},{"ancestorTitles":["MeditationSessionController","getUserSessions"],"duration":1,"failureDetails":[],"failureMessages":[],"fullName":"MeditationSessionController getUserSessions should return user sessions if user is authenticated","invocations":1,"location":null,"numPassingAsserts":3,"retryReasons":[],"status":"passed","title":"should return user sessions if user is authenticated"},{"ancestorTitles":["MeditationSessionController","getUserSessions"],"duration":10,"failureDetails":[],"failureMessages":[],"fullName":"MeditationSessionController getUserSessions should return 500 if there is a server error","invocations":1,"location":null,"numPassingAsserts":2,"retryReasons":[],"status":"passed","title":"should return 500 if there is a server error"},{"ancestorTitles":["MeditationSessionController","createSession"],"duration":0,"failureDetails":[],"failureMessages":[],"fullName":"MeditationSessionController createSession should return 401 if user is not authenticated","invocations":1,"location":null,"numPassingAsserts":2,"retryReasons":[],"status":"passed","title":"should return 401 if user is not authenticated"},{"ancestorTitles":["MeditationSessionController","createSession"],"duration":1,"failureDetails":[],"failureMessages":[],"fullName":"MeditationSessionController createSession should create a new session if user is authenticated","invocations":1,"location":null,"numPassingAsserts":3,"retryReasons":[],"status":"passed","title":"should create a new session if user is authenticated"},{"ancestorTitles":["MeditationSessionController","createSession"],"duration":1,"failureDetails":[],"failureMessages":[],"fullName":"MeditationSessionController createSession should return 400 if required fields are missing","invocations":1,"location":null,"numPassingAsserts":2,"retryReasons":[],"status":"passed","title":"should return 400 if required fields are missing"},{"ancestorTitles":["MeditationSessionController","createSession"],"duration":1,"failureDetails":[],"failureMessages":[],"fullName":"MeditationSessionController createSession should return 500 if there is a server error","invocations":1,"location":null,"numPassingAsserts":2,"retryReasons":[],"status":"passed","title":"should return 500 if there is a server error"},{"ancestorTitles":["MeditationSessionController","getSessionById"],"duration":1,"failureDetails":[],"failureMessages":[],"fullName":"MeditationSessionController getSessionById should return 401 if user is not authenticated","invocations":1,"location":null,"numPassingAsserts":2,"retryReasons":[],"status":"passed","title":"should return 401 if user is not authenticated"},{"ancestorTitles":["MeditationSessionController","getSessionById"],"duration":1,"failureDetails":[],"failureMessages":[],"fullName":"MeditationSessionController getSessionById should return 404 if session is not found","invocations":1,"location":null,"numPassingAsserts":3,"retryReasons":[],"status":"passed","title":"should return 404 if session is not found"},{"ancestorTitles":["MeditationSessionController","getSessionById"],"duration":1,"failureDetails":[],"failureMessages":[],"fullName":"MeditationSessionController getSessionById should return 403 if user does not own the session","invocations":1,"location":null,"numPassingAsserts":3,"retryReasons":[],"status":"passed","title":"should return 403 if user does not own the session"},{"ancestorTitles":["MeditationSessionController","getSessionById"],"duration":1,"failureDetails":[],"failureMessages":[],"fullName":"MeditationSessionController getSessionById should return session if user owns it","invocations":1,"location":null,"numPassingAsserts":3,"retryReasons":[],"status":"passed","title":"should return session if user owns it"},{"ancestorTitles":["MeditationSessionController","getSessionById"],"duration":1,"failureDetails":[],"failureMessages":[],"fullName":"MeditationSessionController getSessionById should return 500 if there is a server error","invocations":1,"location":null,"numPassingAsserts":2,"retryReasons":[],"status":"passed","title":"should return 500 if there is a server error"},{"ancestorTitles":["MeditationSessionController","completeSession"],"duration":1,"failureDetails":[],"failureMessages":[],"fullName":"MeditationSessionController completeSession should return 401 if user is not authenticated","invocations":1,"location":null,"numPassingAsserts":2,"retryReasons":[],"status":"passed","title":"should return 401 if user is not authenticated"},{"ancestorTitles":["MeditationSessionController","completeSession"],"duration":2,"failureDetails":[],"failureMessages":[],"fullName":"MeditationSessionController completeSession should return 400 if session ID is invalid","invocations":1,"location":null,"numPassingAsserts":2,"retryReasons":[],"status":"passed","title":"should return 400 if session ID is invalid"},{"ancestorTitles":["MeditationSessionController","completeSession"],"duration":1,"failureDetails":[],"failureMessages":[],"fullName":"MeditationSessionController completeSession should return 404 if session is not found","invocations":1,"location":null,"numPassingAsserts":3,"retryReasons":[],"status":"passed","title":"should return 404 if session is not found"},{"ancestorTitles":["MeditationSessionController","completeSession"],"duration":0,"failureDetails":[],"failureMessages":[],"fullName":"MeditationSessionController completeSession should return 403 if user does not own the session","invocations":1,"location":null,"numPassingAsserts":3,"retryReasons":[],"status":"passed","title":"should return 403 if user does not own the session"},{"ancestorTitles":["MeditationSessionController","completeSession"],"duration":1,"failureDetails":[],"failureMessages":[],"fullName":"MeditationSessionController completeSession should return 400 if session is already completed","invocations":1,"location":null,"numPassingAsserts":3,"retryReasons":[],"status":"passed","title":"should return 400 if session is already completed"},{"ancestorTitles":["MeditationSessionController","completeSession"],"duration":1,"failureDetails":[],"failureMessages":[],"fullName":"MeditationSessionController completeSession should complete the session if all conditions are met","invocations":1,"location":null,"numPassingAsserts":7,"retryReasons":[],"status":"passed","title":"should complete the session if all conditions are met"},{"ancestorTitles":["MeditationSessionController","completeSession"],"duration":2,"failureDetails":[],"failureMessages":[],"fullName":"MeditationSessionController completeSession should return 500 if there is a server error","invocations":1,"location":null,"numPassingAsserts":2,"retryReasons":[],"status":"passed","title":"should return 500 if there is a server error"},{"ancestorTitles":["MeditationSessionController","addSessionFeedback"],"duration":1,"failureDetails":[],"failureMessages":[],"fullName":"MeditationSessionController addSessionFeedback should return 401 if user is not authenticated","invocations":1,"location":null,"numPassingAsserts":2,"retryReasons":[],"status":"passed","title":"should return 401 if user is not authenticated"},{"ancestorTitles":["MeditationSessionController","addSessionFeedback"],"duration":0,"failureDetails":[],"failureMessages":[],"fullName":"MeditationSessionController addSessionFeedback should return 400 if session ID is invalid","invocations":1,"location":null,"numPassingAsserts":2,"retryReasons":[],"status":"passed","title":"should return 400 if session ID is invalid"},{"ancestorTitles":["MeditationSessionController","addSessionFeedback"],"duration":1,"failureDetails":[],"failureMessages":[],"fullName":"MeditationSessionController addSessionFeedback should return 400 if feedback is missing","invocations":1,"location":null,"numPassingAsserts":2,"retryReasons":[],"status":"passed","title":"should return 400 if feedback is missing"},{"ancestorTitles":["MeditationSessionController","addSessionFeedback"],"duration":1,"failureDetails":[],"failureMessages":[],"fullName":"MeditationSessionController addSessionFeedback should return 400 if rating is invalid","invocations":1,"location":null,"numPassingAsserts":2,"retryReasons":[],"status":"passed","title":"should return 400 if rating is invalid"},{"ancestorTitles":["MeditationSessionController","addSessionFeedback"],"duration":1,"failureDetails":[],"failureMessages":[],"fullName":"MeditationSessionController addSessionFeedback should return 404 if session is not found","invocations":1,"location":null,"numPassingAsserts":3,"retryReasons":[],"status":"passed","title":"should return 404 if session is not found"},{"ancestorTitles":["MeditationSessionController","addSessionFeedback"],"duration":1,"failureDetails":[],"failureMessages":[],"fullName":"MeditationSessionController addSessionFeedback should return 403 if user does not own the session","invocations":1,"location":null,"numPassingAsserts":3,"retryReasons":[],"status":"passed","title":"should return 403 if user does not own the session"},{"ancestorTitles":["MeditationSessionController","addSessionFeedback"],"duration":0,"failureDetails":[],"failureMessages":[],"fullName":"MeditationSessionController addSessionFeedback should return 400 if session is not completed","invocations":1,"location":null,"numPassingAsserts":3,"retryReasons":[],"status":"passed","title":"should return 400 if session is not completed"},{"ancestorTitles":["MeditationSessionController","addSessionFeedback"],"duration":1,"failureDetails":[],"failureMessages":[],"fullName":"MeditationSessionController addSessionFeedback should add feedback to the session if all conditions are met","invocations":1,"location":null,"numPassingAsserts":5,"retryReasons":[],"status":"passed","title":"should add feedback to the session if all conditions are met"},{"ancestorTitles":["MeditationSessionController","addSessionFeedback"],"duration":1,"failureDetails":[],"failureMessages":[],"fullName":"MeditationSessionController addSessionFeedback should return 400 if feedback already exists","invocations":1,"location":null,"numPassingAsserts":3,"retryReasons":[],"status":"passed","title":"should return 400 if feedback already exists"},{"ancestorTitles":["MeditationSessionController","addSessionFeedback"],"duration":1,"failureDetails":[],"failureMessages":[],"fullName":"MeditationSessionController addSessionFeedback should return 500 if there is a server error","invocations":1,"location":null,"numPassingAsserts":2,"retryReasons":[],"status":"passed","title":"should return 500 if there is a server error"}],"endTime":1742149552828,"message":"","name":"E:\\Projects\\mcp-mindfulness\\src\\__tests__\\controllers\\meditation-session.controller.test.ts","startTime":1742149551790,"status":"passed","summary":""}],"wasInterrupted":false}
